Using pre-set license
Built from '2020.2/release' branch; Version is '2020.2.4f1 (becced5a802b) revision 12504301'; Using compiler version '192528614'; Build Type 'Release'
OS: 'Windows 10 Home; OS build 19044.2486; Version 2009; 64bit' Language: 'en' Physical Memory: 32676 MB
BatchMode: 1, IsHumanControllingUs: 0, StartBugReporterOnCrash: 0, Is64bit: 1, IsPro: 0

 COMMAND LINE ARGUMENTS:
C:\Program Files\Unity\Hub\Editor\2020.2.4f1\Editor\Unity.exe
-adb2
-batchMode
-noUpm
-name
AssetImportWorker0
-projectPath
D:/OLD DESKTOP JUNK/ProjectJuice/Juice
-logFile
Logs/AssetImportWorker0.log
-srvPort
57082
Successfully changed project path to: D:/OLD DESKTOP JUNK/ProjectJuice/Juice
D:/OLD DESKTOP JUNK/ProjectJuice/Juice
Using Asset Import Pipeline V2.
Refreshing native plugins compatible for Editor in 68.59 ms, found 2 plugins.
Preloading 0 native plugins for Editor in 0.00 ms.
Initialize engine version: 2020.2.4f1 (becced5a802b)
[Subsystems] Discovering subsystems at path C:/Program Files/Unity/Hub/Editor/2020.2.4f1/Editor/Data/Resources/UnitySubsystems
[Subsystems] Discovering subsystems at path D:/OLD DESKTOP JUNK/ProjectJuice/Juice/Assets
GfxDevice: creating device client; threaded=0
Direct3D:
    Version:  Direct3D 11.0 [level 11.1]
    Renderer: NVIDIA GeForce RTX 2070 SUPER (ID=0x1e84)
    Vendor:   
    VRAM:     8003 MB
    Driver:   31.0.15.2824
Shader 'Universal Render Pipeline/Particles/Lit': fallback shader 'Universal Render Pipeline/Particles/SimpleLit' not found
Initialize mono
Mono path[0] = 'C:/Program Files/Unity/Hub/Editor/2020.2.4f1/Editor/Data/Managed'
Mono path[1] = 'C:/Program Files/Unity/Hub/Editor/2020.2.4f1/Editor/Data/MonoBleedingEdge/lib/mono/unityjit'
Mono config path = 'C:/Program Files/Unity/Hub/Editor/2020.2.4f1/Editor/Data/MonoBleedingEdge/etc'
Using monoOptions --debugger-agent=transport=dt_socket,embedding=1,server=y,suspend=n,address=127.0.0.1:56944
Begin MonoManager ReloadAssembly
Registering precompiled unity dll's ...
Register platform support module: C:/Program Files/Unity/Hub/Editor/2020.2.4f1/Editor/Data/PlaybackEngines/WindowsStandaloneSupport/UnityEditor.WindowsStandalone.Extensions.dll
Registered in 0.006156 seconds.
Native extension for WindowsStandalone target not found
Refreshing native plugins compatible for Editor in 68.72 ms, found 2 plugins.
Preloading 0 native plugins for Editor in 0.00 ms.
Invoked RoslynAnalysisRunner static constructor.
RoslynAnalysisRunner will not be running.
RoslynAnalysisRunner has terminated.
Mono: successfully reloaded assembly
- Completed reload, in  1.654 seconds
Platform modules already initialized, skipping
Registering precompiled user dll's ...
Registered in 0.003064 seconds.
Begin MonoManager ReloadAssembly
Native extension for WindowsStandalone target not found
Refreshing native plugins compatible for Editor in 69.30 ms, found 2 plugins.
Preloading 0 native plugins for Editor in 0.00 ms.
Invoked RoslynAnalysisRunner static constructor.
RoslynAnalysisRunner will not be running.
RoslynAnalysisRunner has terminated.
Mono: successfully reloaded assembly
- Completed reload, in  1.798 seconds
Platform modules already initialized, skipping
========================================================================
Worker process is ready to serve import requests
Shader 'Universal Render Pipeline/Particles/Lit': fallback shader 'Universal Render Pipeline/Particles/SimpleLit' not found
Launched and connected shader compiler UnityShaderCompiler.exe after 0.06 seconds
Refreshing native plugins compatible for Editor in 0.71 ms, found 2 plugins.
Preloading 0 native plugins for Editor in 0.00 ms.
Unloading 3616 Unused Serialized files (Serialized files now loaded: 0)
System memory in use before: 166.7 MB.
System memory in use after: 166.9 MB.

Unloading 28 unused Assets to reduce memory usage. Loaded Objects now: 4065.
Total: 3.173100 ms (FindLiveObjects: 0.630300 ms CreateObjectMapping: 0.359900 ms MarkObjects: 2.146800 ms  DeleteObjects: 0.035000 ms)

========================================================================
Received Import Request.
  path: Assets/Scripts/Networked Actor Engine/NetworkedActorPool.cs
  artifactKey: Guid(818f599f7f7c9514690d975092338067) Importer(815301076,1909f56bfc062723c751e8b465ee728b)
Start importing Assets/Scripts/Networked Actor Engine/NetworkedActorPool.cs using Guid(818f599f7f7c9514690d975092338067) Importer(815301076,1909f56bfc062723c751e8b465ee728b)  -> (artifact id: '3d59abc7cc0901ea3aa5a67cc2bb813c') in 0.024257 seconds
  Import took 0.073950 seconds .

========================================================================
Received Prepare
Registering precompiled user dll's ...
Registered in 0.003118 seconds.
Begin MonoManager ReloadAssembly
Native extension for WindowsStandalone target not found
Refreshing native plugins compatible for Editor in 1.09 ms, found 2 plugins.
Preloading 0 native plugins for Editor in 0.00 ms.
Invoked RoslynAnalysisRunner static constructor.
RoslynAnalysisRunner will not be running.
RoslynAnalysisRunner has terminated.
Mono: successfully reloaded assembly
- Completed reload, in  1.160 seconds
Platform modules already initialized, skipping
Shader 'Universal Render Pipeline/Particles/Lit': fallback shader 'Universal Render Pipeline/Particles/SimpleLit' not found
Refreshing native plugins compatible for Editor in 0.75 ms, found 2 plugins.
Preloading 0 native plugins for Editor in 0.00 ms.
Unloading 3485 Unused Serialized files (Serialized files now loaded: 0)
System memory in use before: 159.2 MB.
System memory in use after: 159.5 MB.

Unloading 21 unused Assets to reduce memory usage. Loaded Objects now: 4069.
Total: 2.470100 ms (FindLiveObjects: 0.361000 ms CreateObjectMapping: 0.088900 ms MarkObjects: 2.002100 ms  DeleteObjects: 0.016900 ms)

========================================================================
Received Import Request.
  Time since last request: 18.799247 seconds.
  path: Assets/Scripts/Networked Actor Engine/NetworkedActorPool.cs
  artifactKey: Guid(818f599f7f7c9514690d975092338067) Importer(815301076,1909f56bfc062723c751e8b465ee728b)
Start importing Assets/Scripts/Networked Actor Engine/NetworkedActorPool.cs using Guid(818f599f7f7c9514690d975092338067) Importer(815301076,1909f56bfc062723c751e8b465ee728b)  -> (artifact id: '38881e20f54bf5f0a50debf2fd237e44') in 0.006858 seconds
  Import took 0.021746 seconds .

========================================================================
Received Import Request.
  Time since last request: 1.979130 seconds.
  path: Assets/Scripts/Networked Actor Engine/NetworkedActorPool.cs
  artifactKey: Guid(818f599f7f7c9514690d975092338067) Importer(815301076,1909f56bfc062723c751e8b465ee728b)
Start importing Assets/Scripts/Networked Actor Engine/NetworkedActorPool.cs using Guid(818f599f7f7c9514690d975092338067) Importer(815301076,1909f56bfc062723c751e8b465ee728b)  -> (artifact id: '38881e20f54bf5f0a50debf2fd237e44') in 0.001535 seconds
  Import took 0.013102 seconds .

========================================================================
Received Prepare
Registering precompiled user dll's ...
Registered in 0.003106 seconds.
Begin MonoManager ReloadAssembly
Native extension for WindowsStandalone target not found
Refreshing native plugins compatible for Editor in 0.74 ms, found 2 plugins.
Preloading 0 native plugins for Editor in 0.00 ms.
Invoked RoslynAnalysisRunner static constructor.
RoslynAnalysisRunner will not be running.
RoslynAnalysisRunner has terminated.
Mono: successfully reloaded assembly
- Completed reload, in  1.118 seconds
Platform modules already initialized, skipping
Shader 'Universal Render Pipeline/Particles/Lit': fallback shader 'Universal Render Pipeline/Particles/SimpleLit' not found
Refreshing native plugins compatible for Editor in 0.71 ms, found 2 plugins.
Preloading 0 native plugins for Editor in 0.00 ms.
Unloading 3485 Unused Serialized files (Serialized files now loaded: 0)
System memory in use before: 159.3 MB.
System memory in use after: 159.5 MB.

Unloading 21 unused Assets to reduce memory usage. Loaded Objects now: 4073.
Total: 3.035100 ms (FindLiveObjects: 0.501800 ms CreateObjectMapping: 0.099900 ms MarkObjects: 2.411900 ms  DeleteObjects: 0.019900 ms)

========================================================================
Received Import Request.
  Time since last request: 216.381071 seconds.
  path: Assets/Scripts/Networked Actor Engine/NetworkedActorMovement.cs
  artifactKey: Guid(3951e9beba23a1543973d6d4e201f2e2) Importer(815301076,1909f56bfc062723c751e8b465ee728b)
Start importing Assets/Scripts/Networked Actor Engine/NetworkedActorMovement.cs using Guid(3951e9beba23a1543973d6d4e201f2e2) Importer(815301076,1909f56bfc062723c751e8b465ee728b)  -> (artifact id: '26d46571545a5966637c2a2e5f6be4ae') in 0.006401 seconds
  Import took 0.038466 seconds .

========================================================================
Received Import Request.
  Time since last request: 274.128593 seconds.
  path: Assets/Scripts/Actor Engine/ActorEngine.cs
  artifactKey: Guid(1b1353dbc22561f448b674da2eb57692) Importer(815301076,1909f56bfc062723c751e8b465ee728b)
Start importing Assets/Scripts/Actor Engine/ActorEngine.cs using Guid(1b1353dbc22561f448b674da2eb57692) Importer(815301076,1909f56bfc062723c751e8b465ee728b)  -> (artifact id: '819c016efd94f01f0333849829361dfa') in 0.001814 seconds
  Import took 0.037568 seconds .

========================================================================
Received Prepare
Registering precompiled user dll's ...
Registered in 0.003537 seconds.
Begin MonoManager ReloadAssembly
Native extension for WindowsStandalone target not found
Refreshing native plugins compatible for Editor in 0.72 ms, found 2 plugins.
Preloading 0 native plugins for Editor in 0.00 ms.
Invoked RoslynAnalysisRunner static constructor.
RoslynAnalysisRunner will not be running.
RoslynAnalysisRunner has terminated.
Mono: successfully reloaded assembly
- Completed reload, in  1.141 seconds
Platform modules already initialized, skipping
Shader 'Universal Render Pipeline/Particles/Lit': fallback shader 'Universal Render Pipeline/Particles/SimpleLit' not found
Refreshing native plugins compatible for Editor in 0.74 ms, found 2 plugins.
Preloading 0 native plugins for Editor in 0.00 ms.
Unloading 3485 Unused Serialized files (Serialized files now loaded: 0)
System memory in use before: 159.3 MB.
System memory in use after: 159.6 MB.

Unloading 21 unused Assets to reduce memory usage. Loaded Objects now: 4077.
Total: 2.643300 ms (FindLiveObjects: 0.377500 ms CreateObjectMapping: 0.100900 ms MarkObjects: 2.140300 ms  DeleteObjects: 0.023100 ms)

========================================================================
Received Import Request.
  Time since last request: 17.728489 seconds.
  path: Assets/Scripts/Actor Engine/ActorPool.cs
  artifactKey: Guid(4fa7c3119a2a0924d86b8b9b8013fc5c) Importer(815301076,1909f56bfc062723c751e8b465ee728b)
Start importing Assets/Scripts/Actor Engine/ActorPool.cs using Guid(4fa7c3119a2a0924d86b8b9b8013fc5c) Importer(815301076,1909f56bfc062723c751e8b465ee728b)  -> (artifact id: '8d5cd22654938fbbeb4e67fc76bc8a63') in 0.676361 seconds
  Import took 0.945111 seconds .

========================================================================
Received Prepare
Registering precompiled user dll's ...
Registered in 0.003157 seconds.
Begin MonoManager ReloadAssembly
Native extension for WindowsStandalone target not found
Refreshing native plugins compatible for Editor in 0.77 ms, found 2 plugins.
Preloading 0 native plugins for Editor in 0.00 ms.
Invoked RoslynAnalysisRunner static constructor.
RoslynAnalysisRunner will not be running.
RoslynAnalysisRunner has terminated.
Mono: successfully reloaded assembly
- Completed reload, in  1.154 seconds
Platform modules already initialized, skipping
Shader 'Universal Render Pipeline/Particles/Lit': fallback shader 'Universal Render Pipeline/Particles/SimpleLit' not found
Refreshing native plugins compatible for Editor in 0.70 ms, found 2 plugins.
Preloading 0 native plugins for Editor in 0.00 ms.
Unloading 3485 Unused Serialized files (Serialized files now loaded: 0)
System memory in use before: 159.4 MB.
System memory in use after: 159.6 MB.

Unloading 21 unused Assets to reduce memory usage. Loaded Objects now: 4081.
Total: 2.823500 ms (FindLiveObjects: 0.349200 ms CreateObjectMapping: 0.241200 ms MarkObjects: 2.210300 ms  DeleteObjects: 0.022000 ms)

========================================================================
Received Import Request.
  Time since last request: 29.381904 seconds.
  path: Assets/Scripts/Actor Engine/ActorPool.cs
  artifactKey: Guid(4fa7c3119a2a0924d86b8b9b8013fc5c) Importer(815301076,1909f56bfc062723c751e8b465ee728b)
Start importing Assets/Scripts/Actor Engine/ActorPool.cs using Guid(4fa7c3119a2a0924d86b8b9b8013fc5c) Importer(815301076,1909f56bfc062723c751e8b465ee728b)  -> (artifact id: '7f4f885aef44548d796780e6372ace45') in 0.005109 seconds
  Import took 0.033843 seconds .

========================================================================
Received Prepare
Registering precompiled user dll's ...
Registered in 0.002921 seconds.
Begin MonoManager ReloadAssembly
Native extension for WindowsStandalone target not found
Refreshing native plugins compatible for Editor in 0.80 ms, found 2 plugins.
Preloading 0 native plugins for Editor in 0.00 ms.
Invoked RoslynAnalysisRunner static constructor.
RoslynAnalysisRunner will not be running.
RoslynAnalysisRunner has terminated.
Mono: successfully reloaded assembly
- Completed reload, in  1.150 seconds
Platform modules already initialized, skipping
Shader 'Universal Render Pipeline/Particles/Lit': fallback shader 'Universal Render Pipeline/Particles/SimpleLit' not found
Refreshing native plugins compatible for Editor in 0.70 ms, found 2 plugins.
Preloading 0 native plugins for Editor in 0.00 ms.
Unloading 3485 Unused Serialized files (Serialized files now loaded: 0)
System memory in use before: 159.4 MB.
System memory in use after: 159.6 MB.

Unloading 21 unused Assets to reduce memory usage. Loaded Objects now: 4085.
Total: 2.480200 ms (FindLiveObjects: 0.354200 ms CreateObjectMapping: 0.091500 ms MarkObjects: 2.018900 ms  DeleteObjects: 0.014700 ms)

AssetImportWorkerClient::OnTransportError - code=2 error=End of file
